{"uid":"c1f04d3b1f768a48","name":"testUserAlreadyExistsDuringSignUp","fullName":"com.demoblaz.tests.negative.NegativeTests.testUserAlreadyExistsDuringSignUp","historyId":"5b26d69d98caf64506709084efb7c243","time":{"start":1765572935397,"stop":1765572936692,"duration":1295},"status":"failed","statusMessage":"Expected signup success alert: 'Sign up successful.' but was: 'Please fill out Username and Password.' expected [Sign up successful.] but found [Please fill out Username and Password.]","statusTrace":"java.lang.AssertionError: Expected signup success alert: 'Sign up successful.' but was: 'Please fill out Username and Password.' expected [Sign up successful.] but found [Please fill out Username and Password.]\r\n\tat org.testng.Assert.fail(Assert.java:111)\r\n\tat org.testng.Assert.failNotEquals(Assert.java:1590)\r\n\tat org.testng.Assert.assertEqualsImpl(Assert.java:150)\r\n\tat org.testng.Assert.assertEquals(Assert.java:132)\r\n\tat org.testng.Assert.assertEquals(Assert.java:656)\r\n\tat coreLibraries.validations.Verification.assertEquals(Verification.java:28)\r\n\tat com.demoblaz.components.SignUpComponent.isSignUpSuccessAlertMessageDisplayedAsExpected(SignUpComponent.java:181)\r\n\tat com.demoblaz.tests.negative.NegativeTests.testUserAlreadyExistsDuringSignUp(NegativeTests.java:19)\r\n\tat java.base/jdk.internal.reflect.DirectMethodHandleAccessor.invoke(DirectMethodHandleAccessor.java:103)\r\n\tat java.base/java.lang.reflect.Method.invoke(Method.java:580)\r\n\tat org.testng.internal.invokers.MethodInvocationHelper.invokeMethod(MethodInvocationHelper.java:141)\r\n\tat org.testng.internal.invokers.TestInvoker.invokeMethod(TestInvoker.java:687)\r\n\tat org.testng.internal.invokers.TestInvoker.invokeTestMethod(TestInvoker.java:230)\r\n\tat org.testng.internal.invokers.MethodRunner.runInSequence(MethodRunner.java:63)\r\n\tat org.testng.internal.invokers.TestInvoker$MethodInvocationAgent.invoke(TestInvoker.java:995)\r\n\tat org.testng.internal.invokers.TestInvoker.invokeTestMethods(TestInvoker.java:203)\r\n\tat org.testng.internal.invokers.TestMethodWorker.invokeTestMethods(TestMethodWorker.java:154)\r\n\tat org.testng.internal.invokers.TestMethodWorker.run(TestMethodWorker.java:134)\r\n\tat java.base/java.util.ArrayList.forEach(ArrayList.java:1596)\r\n\tat org.testng.TestRunner.privateRun(TestRunner.java:741)\r\n\tat org.testng.TestRunner.run(TestRunner.java:616)\r\n\tat org.testng.SuiteRunner.runTest(SuiteRunner.java:421)\r\n\tat org.testng.SuiteRunner.runSequentially(SuiteRunner.java:413)\r\n\tat org.testng.SuiteRunner.privateRun(SuiteRunner.java:373)\r\n\tat org.testng.SuiteRunner.run(SuiteRunner.java:312)\r\n\tat org.testng.SuiteRunnerWorker.runSuite(SuiteRunnerWorker.java:52)\r\n\tat org.testng.SuiteRunnerWorker.run(SuiteRunnerWorker.java:95)\r\n\tat org.testng.TestNG.runSuitesSequentially(TestNG.java:1274)\r\n\tat org.testng.TestNG.runSuitesLocally(TestNG.java:1208)\r\n\tat org.testng.TestNG.runSuites(TestNG.java:1112)\r\n\tat org.testng.TestNG.run(TestNG.java:1079)\r\n\tat com.intellij.rt.testng.IDEARemoteTestNG.run(IDEARemoteTestNG.java:65)\r\n\tat com.intellij.rt.testng.RemoteTestNGStarter.main(RemoteTestNGStarter.java:105)\r\n","flaky":false,"newFailed":true,"newBroken":false,"newPassed":false,"retriesCount":0,"retriesStatusChange":false,"beforeStages":[{"name":"startUp","time":{"start":1765572859848,"stop":1765572859954,"duration":106},"description":"","status":"passed","steps":[],"attachments":[],"parameters":[],"attachmentStep":false,"stepsCount":0,"shouldDisplayMessage":false,"attachmentsCount":0,"hasContent":false},{"name":"setUp","time":{"start":1765572929012,"stop":1765572935325,"duration":6313},"description":"","status":"passed","steps":[],"attachments":[],"parameters":[],"attachmentStep":false,"stepsCount":0,"shouldDisplayMessage":false,"attachmentsCount":0,"hasContent":false}],"testStage":{"status":"failed","statusMessage":"Expected signup success alert: 'Sign up successful.' but was: 'Please fill out Username and Password.' expected [Sign up successful.] but found [Please fill out Username and Password.]","statusTrace":"java.lang.AssertionError: Expected signup success alert: 'Sign up successful.' but was: 'Please fill out Username and Password.' expected [Sign up successful.] but found [Please fill out Username and Password.]\r\n\tat org.testng.Assert.fail(Assert.java:111)\r\n\tat org.testng.Assert.failNotEquals(Assert.java:1590)\r\n\tat org.testng.Assert.assertEqualsImpl(Assert.java:150)\r\n\tat org.testng.Assert.assertEquals(Assert.java:132)\r\n\tat org.testng.Assert.assertEquals(Assert.java:656)\r\n\tat coreLibraries.validations.Verification.assertEquals(Verification.java:28)\r\n\tat com.demoblaz.components.SignUpComponent.isSignUpSuccessAlertMessageDisplayedAsExpected(SignUpComponent.java:181)\r\n\tat com.demoblaz.tests.negative.NegativeTests.testUserAlreadyExistsDuringSignUp(NegativeTests.java:19)\r\n\tat java.base/jdk.internal.reflect.DirectMethodHandleAccessor.invoke(DirectMethodHandleAccessor.java:103)\r\n\tat java.base/java.lang.reflect.Method.invoke(Method.java:580)\r\n\tat org.testng.internal.invokers.MethodInvocationHelper.invokeMethod(MethodInvocationHelper.java:141)\r\n\tat org.testng.internal.invokers.TestInvoker.invokeMethod(TestInvoker.java:687)\r\n\tat org.testng.internal.invokers.TestInvoker.invokeTestMethod(TestInvoker.java:230)\r\n\tat org.testng.internal.invokers.MethodRunner.runInSequence(MethodRunner.java:63)\r\n\tat org.testng.internal.invokers.TestInvoker$MethodInvocationAgent.invoke(TestInvoker.java:995)\r\n\tat org.testng.internal.invokers.TestInvoker.invokeTestMethods(TestInvoker.java:203)\r\n\tat org.testng.internal.invokers.TestMethodWorker.invokeTestMethods(TestMethodWorker.java:154)\r\n\tat org.testng.internal.invokers.TestMethodWorker.run(TestMethodWorker.java:134)\r\n\tat java.base/java.util.ArrayList.forEach(ArrayList.java:1596)\r\n\tat org.testng.TestRunner.privateRun(TestRunner.java:741)\r\n\tat org.testng.TestRunner.run(TestRunner.java:616)\r\n\tat org.testng.SuiteRunner.runTest(SuiteRunner.java:421)\r\n\tat org.testng.SuiteRunner.runSequentially(SuiteRunner.java:413)\r\n\tat org.testng.SuiteRunner.privateRun(SuiteRunner.java:373)\r\n\tat org.testng.SuiteRunner.run(SuiteRunner.java:312)\r\n\tat org.testng.SuiteRunnerWorker.runSuite(SuiteRunnerWorker.java:52)\r\n\tat org.testng.SuiteRunnerWorker.run(SuiteRunnerWorker.java:95)\r\n\tat org.testng.TestNG.runSuitesSequentially(TestNG.java:1274)\r\n\tat org.testng.TestNG.runSuitesLocally(TestNG.java:1208)\r\n\tat org.testng.TestNG.runSuites(TestNG.java:1112)\r\n\tat org.testng.TestNG.run(TestNG.java:1079)\r\n\tat com.intellij.rt.testng.IDEARemoteTestNG.run(IDEARemoteTestNG.java:65)\r\n\tat com.intellij.rt.testng.RemoteTestNGStarter.main(RemoteTestNGStarter.java:105)\r\n","steps":[{"name":"Go to navigation bar from cart page","time":{"start":1765572935430,"stop":1765572935430,"duration":0},"status":"passed","steps":[],"attachments":[],"parameters":[],"attachmentStep":false,"stepsCount":0,"shouldDisplayMessage":false,"attachmentsCount":0,"hasContent":false},{"name":"Click on 'Sign up' link in the navigation bar","time":{"start":1765572935430,"stop":1765572935803,"duration":373},"status":"passed","steps":[],"attachments":[],"parameters":[],"attachmentStep":false,"stepsCount":0,"shouldDisplayMessage":false,"attachmentsCount":0,"hasContent":false},{"name":"Fill in the signup form with username 'user2025-12-12_10-55-35' and password 'pass2025-12-12_10-55-35'","time":{"start":1765572935803,"stop":1765572936287,"duration":484},"status":"passed","steps":[{"name":"enter username 'user2025-12-12_10-55-35' in the signup form","time":{"start":1765572935803,"stop":1765572936092,"duration":289},"status":"passed","steps":[],"attachments":[],"parameters":[{"name":"username","value":"user2025-12-12_10-55-35"}],"attachmentStep":false,"stepsCount":0,"shouldDisplayMessage":false,"attachmentsCount":0,"hasContent":true},{"name":"enter password 'pass2025-12-12_10-55-35' in the signup form","time":{"start":1765572936092,"stop":1765572936287,"duration":195},"status":"passed","steps":[],"attachments":[],"parameters":[{"name":"password","value":"pass2025-12-12_10-55-35"}],"attachmentStep":false,"stepsCount":0,"shouldDisplayMessage":false,"attachmentsCount":0,"hasContent":true}],"attachments":[],"parameters":[{"name":"username","value":"user2025-12-12_10-55-35"},{"name":"password","value":"pass2025-12-12_10-55-35"}],"attachmentStep":false,"stepsCount":2,"shouldDisplayMessage":false,"attachmentsCount":0,"hasContent":true},{"name":"click on 'Sign up' button in the signup form","time":{"start":1765572936288,"stop":1765572936439,"duration":151},"status":"passed","steps":[],"attachments":[],"parameters":[],"attachmentStep":false,"stepsCount":0,"shouldDisplayMessage":false,"attachmentsCount":0,"hasContent":false},{"name":"Verify signup success alert message is displayed as expected","time":{"start":1765572936439,"stop":1765572936484,"duration":45},"status":"failed","statusMessage":"Expected signup success alert: 'Sign up successful.' but was: 'Please fill out Username and Password.' expected [Sign up successful.] but found [Please fill out Username and Password.]","statusTrace":"java.lang.AssertionError: Expected signup success alert: 'Sign up successful.' but was: 'Please fill out Username and Password.' expected [Sign up successful.] but found [Please fill out Username and Password.]\r\n\tat org.testng.Assert.fail(Assert.java:111)\r\n\tat org.testng.Assert.failNotEquals(Assert.java:1590)\r\n\tat org.testng.Assert.assertEqualsImpl(Assert.java:150)\r\n\tat org.testng.Assert.assertEquals(Assert.java:132)\r\n\tat org.testng.Assert.assertEquals(Assert.java:656)\r\n\tat coreLibraries.validations.Verification.assertEquals(Verification.java:28)\r\n\tat com.demoblaz.components.SignUpComponent.isSignUpSuccessAlertMessageDisplayedAsExpected(SignUpComponent.java:181)\r\n\tat com.demoblaz.tests.negative.NegativeTests.testUserAlreadyExistsDuringSignUp(NegativeTests.java:19)\r\n\tat java.base/jdk.internal.reflect.DirectMethodHandleAccessor.invoke(DirectMethodHandleAccessor.java:103)\r\n\tat java.base/java.lang.reflect.Method.invoke(Method.java:580)\r\n\tat org.testng.internal.invokers.MethodInvocationHelper.invokeMethod(MethodInvocationHelper.java:141)\r\n\tat org.testng.internal.invokers.TestInvoker.invokeMethod(TestInvoker.java:687)\r\n\tat org.testng.internal.invokers.TestInvoker.invokeTestMethod(TestInvoker.java:230)\r\n\tat org.testng.internal.invokers.MethodRunner.runInSequence(MethodRunner.java:63)\r\n\tat org.testng.internal.invokers.TestInvoker$MethodInvocationAgent.invoke(TestInvoker.java:995)\r\n\tat org.testng.internal.invokers.TestInvoker.invokeTestMethods(TestInvoker.java:203)\r\n\tat org.testng.internal.invokers.TestMethodWorker.invokeTestMethods(TestMethodWorker.java:154)\r\n\tat org.testng.internal.invokers.TestMethodWorker.run(TestMethodWorker.java:134)\r\n\tat java.base/java.util.ArrayList.forEach(ArrayList.java:1596)\r\n\tat org.testng.TestRunner.privateRun(TestRunner.java:741)\r\n\tat org.testng.TestRunner.run(TestRunner.java:616)\r\n\tat org.testng.SuiteRunner.runTest(SuiteRunner.java:421)\r\n\tat org.testng.SuiteRunner.runSequentially(SuiteRunner.java:413)\r\n\tat org.testng.SuiteRunner.privateRun(SuiteRunner.java:373)\r\n\tat org.testng.SuiteRunner.run(SuiteRunner.java:312)\r\n\tat org.testng.SuiteRunnerWorker.runSuite(SuiteRunnerWorker.java:52)\r\n\tat org.testng.SuiteRunnerWorker.run(SuiteRunnerWorker.java:95)\r\n\tat org.testng.TestNG.runSuitesSequentially(TestNG.java:1274)\r\n\tat org.testng.TestNG.runSuitesLocally(TestNG.java:1208)\r\n\tat org.testng.TestNG.runSuites(TestNG.java:1112)\r\n\tat org.testng.TestNG.run(TestNG.java:1079)\r\n\tat com.intellij.rt.testng.IDEARemoteTestNG.run(IDEARemoteTestNG.java:65)\r\n\tat com.intellij.rt.testng.RemoteTestNGStarter.main(RemoteTestNGStarter.java:105)\r\n","steps":[],"attachments":[],"parameters":[],"attachmentStep":false,"stepsCount":0,"shouldDisplayMessage":true,"attachmentsCount":0,"hasContent":true}],"attachments":[{"uid":"2acf7e5abc1204e2","name":"Full Page - testUserAlreadyExistsDuringSignUp","source":"2acf7e5abc1204e2png","type":"image/png","size":357894},{"uid":"572fa40e794ff496","name":"logs.log","source":"572fa40e794ff496.txt","type":"text/plain","size":2120107}],"parameters":[],"attachmentStep":false,"stepsCount":7,"shouldDisplayMessage":false,"attachmentsCount":2,"hasContent":true},"afterStages":[{"name":"tearDown","time":{"start":1765572936744,"stop":1765572937387,"duration":643},"description":"","status":"passed","steps":[],"attachments":[],"parameters":[],"attachmentStep":false,"stepsCount":0,"shouldDisplayMessage":false,"attachmentsCount":0,"hasContent":false}],"labels":[{"name":"package","value":"com.demoblaz.tests.negative.NegativeTests"},{"name":"testClass","value":"com.demoblaz.tests.negative.NegativeTests"},{"name":"testMethod","value":"testUserAlreadyExistsDuringSignUp"},{"name":"parentSuite","value":"General Framework Suite"},{"name":"suite","value":"AdminE2e"},{"name":"subSuite","value":"com.demoblaz.tests.negative.NegativeTests"},{"name":"host","value":"DESKTOP-T3V53C0"},{"name":"thread","value":"18472@DESKTOP-T3V53C0.main(1)"},{"name":"framework","value":"testng"},{"name":"language","value":"java"},{"name":"resultFormat","value":"allure2"}],"parameters":[],"links":[],"hidden":false,"retry":false,"extra":{"severity":"normal","retries":[],"categories":[{"name":"Product defects","matchedStatuses":[]}],"history":{"statistic":{"failed":1,"broken":2,"skipped":0,"passed":2,"unknown":0,"total":5},"items":[{"uid":"2fb1bb431d609f1a","status":"broken","statusDetails":"Expected condition failed: waiting for coreLibraries.utils.actions.ElementActions$$Lambda/0x000001bc3e4b8ab0@79414283 (tried for 15 second(s) with 500 milliseconds interval)\nBuild info: version: '4.38.0', revision: '6b412e825c*'\nSystem info: os.name: 'Windows 10', os.arch: 'amd64', os.version: '10.0', java.version: '21.0.8'\nDriver info: driver.version: unknown","time":{"start":1765475184266,"stop":1765475202871,"duration":18605}},{"uid":"cc54b9c1f0b99e6","status":"passed","time":{"start":1765472977595,"stop":1765472983396,"duration":5801}},{"uid":"2676aa7d6f19740a","status":"passed","time":{"start":1765470016014,"stop":1765470031427,"duration":15413}},{"uid":"25611424b62c45fe","status":"broken","statusDetails":"Expected condition failed: waiting for alert to be present (tried for 15 second(s) with 500 milliseconds interval)\nBuild info: version: '4.38.0', revision: '6b412e825c*'\nSystem info: os.name: 'Windows 10', os.arch: 'amd64', os.version: '10.0', java.version: '21.0.8'\nDriver info: driver.version: unknown","time":{"start":1765469774470,"stop":1765469797290,"duration":22820}}]},"tags":[]},"source":"c1f04d3b1f768a48.json","parameterValues":[]}