{"uuid":"67bb81ae-2a5a-42a1-8400-e0181ff907f8","historyId":"5b26d69d98caf64506709084efb7c243","fullName":"com.demoblaz.tests.negative.NegativeTests.testUserAlreadyExistsDuringSignUp","labels":[{"name":"package","value":"com.demoblaz.tests.negative.NegativeTests"},{"name":"testClass","value":"com.demoblaz.tests.negative.NegativeTests"},{"name":"testMethod","value":"testUserAlreadyExistsDuringSignUp"},{"name":"parentSuite","value":"General Framework Suite"},{"name":"suite","value":"AdminE2e"},{"name":"subSuite","value":"com.demoblaz.tests.negative.NegativeTests"},{"name":"host","value":"DESKTOP-T3V53C0"},{"name":"thread","value":"18472@DESKTOP-T3V53C0.main(1)"},{"name":"framework","value":"testng"},{"name":"language","value":"java"}],"links":[],"name":"testUserAlreadyExistsDuringSignUp","status":"failed","statusDetails":{"known":false,"muted":false,"flaky":false,"message":"Expected signup success alert: 'Sign up successful.' but was: 'Please fill out Username and Password.' expected [Sign up successful.] but found [Please fill out Username and Password.]","trace":"java.lang.AssertionError: Expected signup success alert: 'Sign up successful.' but was: 'Please fill out Username and Password.' expected [Sign up successful.] but found [Please fill out Username and Password.]\r\n\tat org.testng.Assert.fail(Assert.java:111)\r\n\tat org.testng.Assert.failNotEquals(Assert.java:1590)\r\n\tat org.testng.Assert.assertEqualsImpl(Assert.java:150)\r\n\tat org.testng.Assert.assertEquals(Assert.java:132)\r\n\tat org.testng.Assert.assertEquals(Assert.java:656)\r\n\tat coreLibraries.validations.Verification.assertEquals(Verification.java:28)\r\n\tat com.demoblaz.components.SignUpComponent.isSignUpSuccessAlertMessageDisplayedAsExpected(SignUpComponent.java:181)\r\n\tat com.demoblaz.tests.negative.NegativeTests.testUserAlreadyExistsDuringSignUp(NegativeTests.java:19)\r\n\tat java.base/jdk.internal.reflect.DirectMethodHandleAccessor.invoke(DirectMethodHandleAccessor.java:103)\r\n\tat java.base/java.lang.reflect.Method.invoke(Method.java:580)\r\n\tat org.testng.internal.invokers.MethodInvocationHelper.invokeMethod(MethodInvocationHelper.java:141)\r\n\tat org.testng.internal.invokers.TestInvoker.invokeMethod(TestInvoker.java:687)\r\n\tat org.testng.internal.invokers.TestInvoker.invokeTestMethod(TestInvoker.java:230)\r\n\tat org.testng.internal.invokers.MethodRunner.runInSequence(MethodRunner.java:63)\r\n\tat org.testng.internal.invokers.TestInvoker$MethodInvocationAgent.invoke(TestInvoker.java:995)\r\n\tat org.testng.internal.invokers.TestInvoker.invokeTestMethods(TestInvoker.java:203)\r\n\tat org.testng.internal.invokers.TestMethodWorker.invokeTestMethods(TestMethodWorker.java:154)\r\n\tat org.testng.internal.invokers.TestMethodWorker.run(TestMethodWorker.java:134)\r\n\tat java.base/java.util.ArrayList.forEach(ArrayList.java:1596)\r\n\tat org.testng.TestRunner.privateRun(TestRunner.java:741)\r\n\tat org.testng.TestRunner.run(TestRunner.java:616)\r\n\tat org.testng.SuiteRunner.runTest(SuiteRunner.java:421)\r\n\tat org.testng.SuiteRunner.runSequentially(SuiteRunner.java:413)\r\n\tat org.testng.SuiteRunner.privateRun(SuiteRunner.java:373)\r\n\tat org.testng.SuiteRunner.run(SuiteRunner.java:312)\r\n\tat org.testng.SuiteRunnerWorker.runSuite(SuiteRunnerWorker.java:52)\r\n\tat org.testng.SuiteRunnerWorker.run(SuiteRunnerWorker.java:95)\r\n\tat org.testng.TestNG.runSuitesSequentially(TestNG.java:1274)\r\n\tat org.testng.TestNG.runSuitesLocally(TestNG.java:1208)\r\n\tat org.testng.TestNG.runSuites(TestNG.java:1112)\r\n\tat org.testng.TestNG.run(TestNG.java:1079)\r\n\tat com.intellij.rt.testng.IDEARemoteTestNG.run(IDEARemoteTestNG.java:65)\r\n\tat com.intellij.rt.testng.RemoteTestNGStarter.main(RemoteTestNGStarter.java:105)\r\n"},"stage":"finished","steps":[{"name":"Go to navigation bar from cart page","status":"passed","stage":"finished","steps":[],"attachments":[],"parameters":[],"start":1765572935430,"stop":1765572935430},{"name":"Click on 'Sign up' link in the navigation bar","status":"passed","stage":"finished","steps":[],"attachments":[],"parameters":[],"start":1765572935430,"stop":1765572935803},{"name":"Fill in the signup form with username 'user2025-12-12_10-55-35' and password 'pass2025-12-12_10-55-35'","status":"passed","stage":"finished","steps":[{"name":"enter username 'user2025-12-12_10-55-35' in the signup form","status":"passed","stage":"finished","steps":[],"attachments":[],"parameters":[{"name":"username","value":"user2025-12-12_10-55-35"}],"start":1765572935803,"stop":1765572936092},{"name":"enter password 'pass2025-12-12_10-55-35' in the signup form","status":"passed","stage":"finished","steps":[],"attachments":[],"parameters":[{"name":"password","value":"pass2025-12-12_10-55-35"}],"start":1765572936092,"stop":1765572936287}],"attachments":[],"parameters":[{"name":"username","value":"user2025-12-12_10-55-35"},{"name":"password","value":"pass2025-12-12_10-55-35"}],"start":1765572935803,"stop":1765572936287},{"name":"click on 'Sign up' button in the signup form","status":"passed","stage":"finished","steps":[],"attachments":[],"parameters":[],"start":1765572936288,"stop":1765572936439},{"name":"Verify signup success alert message is displayed as expected","status":"failed","statusDetails":{"known":false,"muted":false,"flaky":false,"message":"Expected signup success alert: 'Sign up successful.' but was: 'Please fill out Username and Password.' expected [Sign up successful.] but found [Please fill out Username and Password.]","trace":"java.lang.AssertionError: Expected signup success alert: 'Sign up successful.' but was: 'Please fill out Username and Password.' expected [Sign up successful.] but found [Please fill out Username and Password.]\r\n\tat org.testng.Assert.fail(Assert.java:111)\r\n\tat org.testng.Assert.failNotEquals(Assert.java:1590)\r\n\tat org.testng.Assert.assertEqualsImpl(Assert.java:150)\r\n\tat org.testng.Assert.assertEquals(Assert.java:132)\r\n\tat org.testng.Assert.assertEquals(Assert.java:656)\r\n\tat coreLibraries.validations.Verification.assertEquals(Verification.java:28)\r\n\tat com.demoblaz.components.SignUpComponent.isSignUpSuccessAlertMessageDisplayedAsExpected(SignUpComponent.java:181)\r\n\tat com.demoblaz.tests.negative.NegativeTests.testUserAlreadyExistsDuringSignUp(NegativeTests.java:19)\r\n\tat java.base/jdk.internal.reflect.DirectMethodHandleAccessor.invoke(DirectMethodHandleAccessor.java:103)\r\n\tat java.base/java.lang.reflect.Method.invoke(Method.java:580)\r\n\tat org.testng.internal.invokers.MethodInvocationHelper.invokeMethod(MethodInvocationHelper.java:141)\r\n\tat org.testng.internal.invokers.TestInvoker.invokeMethod(TestInvoker.java:687)\r\n\tat org.testng.internal.invokers.TestInvoker.invokeTestMethod(TestInvoker.java:230)\r\n\tat org.testng.internal.invokers.MethodRunner.runInSequence(MethodRunner.java:63)\r\n\tat org.testng.internal.invokers.TestInvoker$MethodInvocationAgent.invoke(TestInvoker.java:995)\r\n\tat org.testng.internal.invokers.TestInvoker.invokeTestMethods(TestInvoker.java:203)\r\n\tat org.testng.internal.invokers.TestMethodWorker.invokeTestMethods(TestMethodWorker.java:154)\r\n\tat org.testng.internal.invokers.TestMethodWorker.run(TestMethodWorker.java:134)\r\n\tat java.base/java.util.ArrayList.forEach(ArrayList.java:1596)\r\n\tat org.testng.TestRunner.privateRun(TestRunner.java:741)\r\n\tat org.testng.TestRunner.run(TestRunner.java:616)\r\n\tat org.testng.SuiteRunner.runTest(SuiteRunner.java:421)\r\n\tat org.testng.SuiteRunner.runSequentially(SuiteRunner.java:413)\r\n\tat org.testng.SuiteRunner.privateRun(SuiteRunner.java:373)\r\n\tat org.testng.SuiteRunner.run(SuiteRunner.java:312)\r\n\tat org.testng.SuiteRunnerWorker.runSuite(SuiteRunnerWorker.java:52)\r\n\tat org.testng.SuiteRunnerWorker.run(SuiteRunnerWorker.java:95)\r\n\tat org.testng.TestNG.runSuitesSequentially(TestNG.java:1274)\r\n\tat org.testng.TestNG.runSuitesLocally(TestNG.java:1208)\r\n\tat org.testng.TestNG.runSuites(TestNG.java:1112)\r\n\tat org.testng.TestNG.run(TestNG.java:1079)\r\n\tat com.intellij.rt.testng.IDEARemoteTestNG.run(IDEARemoteTestNG.java:65)\r\n\tat com.intellij.rt.testng.RemoteTestNGStarter.main(RemoteTestNGStarter.java:105)\r\n"},"stage":"finished","steps":[],"attachments":[],"parameters":[],"start":1765572936439,"stop":1765572936484}],"attachments":[{"name":"Full Page - testUserAlreadyExistsDuringSignUp","source":"9c27cbe0-801e-46cc-8cc4-e00d71db5318-attachment"},{"name":"logs.log","source":"c1013480-e4c4-4000-997f-b61f12e79c7a-attachment.txt","type":"text/plain"}],"parameters":[],"start":1765572935397,"stop":1765572936692}